Determining if the pthread_create exist failed with the following output:
Change Dir: /home/jorge/Documentos/V3D_GUI/PCL_Workflow_dynamic/pcl_workflow/build/CMakeFiles/CMakeTmp

Run Build Command:"/usr/bin/make" "cmTC_f896f/fast"
/usr/bin/make -f CMakeFiles/cmTC_f896f.dir/build.make CMakeFiles/cmTC_f896f.dir/build
make[1]: se entra en el directorio '/home/jorge/Documentos/V3D_GUI/PCL_Workflow_dynamic/pcl_workflow/build/CMakeFiles/CMakeTmp'
Building C object CMakeFiles/cmTC_f896f.dir/CheckSymbolExists.c.o
/usr/bin/cc     -o CMakeFiles/cmTC_f896f.dir/CheckSymbolExists.c.o   -c /home/jorge/Documentos/V3D_GUI/PCL_Workflow_dynamic/pcl_workflow/build/CMakeFiles/CMakeTmp/CheckSymbolExists.c
Linking C executable cmTC_f896f
/usr/bin/cmake -E cmake_link_script CMakeFiles/cmTC_f896f.dir/link.txt --verbose=1
/usr/bin/cc       CMakeFiles/cmTC_f896f.dir/CheckSymbolExists.c.o  -o cmTC_f896f -rdynamic 
CMakeFiles/cmTC_f896f.dir/CheckSymbolExists.c.o: En la función `main':
CheckSymbolExists.c:(.text+0x1b): referencia a `pthread_create' sin definir
collect2: error: ld returned 1 exit status
CMakeFiles/cmTC_f896f.dir/build.make:97: fallo en las instrucciones para el objetivo 'cmTC_f896f'
make[1]: *** [cmTC_f896f] Error 1
make[1]: se sale del directorio '/home/jorge/Documentos/V3D_GUI/PCL_Workflow_dynamic/pcl_workflow/build/CMakeFiles/CMakeTmp'
Makefile:126: fallo en las instrucciones para el objetivo 'cmTC_f896f/fast'
make: *** [cmTC_f896f/fast] Error 2

File /home/jorge/Documentos/V3D_GUI/PCL_Workflow_dynamic/pcl_workflow/build/CMakeFiles/CMakeTmp/CheckSymbolExists.c:
/* */
#include <pthread.h>

int main(int argc, char** argv)
{
  (void)argv;
#ifndef pthread_create
  return ((int*)(&pthread_create))[argc];
#else
  (void)argc;
  return 0;
#endif
}

Determining if the function pthread_create exists in the pthreads failed with the following output:
Change Dir: /home/jorge/Documentos/V3D_GUI/PCL_Workflow_dynamic/pcl_workflow/build/CMakeFiles/CMakeTmp

Run Build Command:"/usr/bin/make" "cmTC_123c0/fast"
/usr/bin/make -f CMakeFiles/cmTC_123c0.dir/build.make CMakeFiles/cmTC_123c0.dir/build
make[1]: se entra en el directorio '/home/jorge/Documentos/V3D_GUI/PCL_Workflow_dynamic/pcl_workflow/build/CMakeFiles/CMakeTmp'
Building C object CMakeFiles/cmTC_123c0.dir/CheckFunctionExists.c.o
/usr/bin/cc    -DCHECK_FUNCTION_EXISTS=pthread_create   -o CMakeFiles/cmTC_123c0.dir/CheckFunctionExists.c.o   -c /usr/share/cmake-3.7/Modules/CheckFunctionExists.c
Linking C executable cmTC_123c0
/usr/bin/cmake -E cmake_link_script CMakeFiles/cmTC_123c0.dir/link.txt --verbose=1
/usr/bin/cc   -DCHECK_FUNCTION_EXISTS=pthread_create    CMakeFiles/cmTC_123c0.dir/CheckFunctionExists.c.o  -o cmTC_123c0 -rdynamic -lpthreads 
/usr/bin/ld: no se puede encontrar -lpthreads
collect2: error: ld returned 1 exit status
CMakeFiles/cmTC_123c0.dir/build.make:97: fallo en las instrucciones para el objetivo 'cmTC_123c0'
make[1]: *** [cmTC_123c0] Error 1
make[1]: se sale del directorio '/home/jorge/Documentos/V3D_GUI/PCL_Workflow_dynamic/pcl_workflow/build/CMakeFiles/CMakeTmp'
Makefile:126: fallo en las instrucciones para el objetivo 'cmTC_123c0/fast'
make: *** [cmTC_123c0/fast] Error 2


